  yuAnimation.cpp
C:\Users\yubin\Desktop\Hotline miami\44Engine\Engine_SOURCE\yuMath.h(16,1): warning C4005: 'XM_CONSTEXPR': 매크로 재정의
C:\Program Files (x86)\Windows Kits\10\Include\10.0.19041.0\um\DirectXMath.h(37): message : 'XM_CONSTEXPR'의 이전 정의를 참조하십시오.
C:\Users\yubin\Desktop\Hotline miami\44Engine\Engine_SOURCE\yuAnimation.cpp(39,37): warning C4267: '=': 'size_t'에서 'int'(으)로 변환하면서 데이터가 손실될 수 있습니다.
  yuAnimator.cpp
C:\Users\yubin\Desktop\Hotline miami\44Engine\Engine_SOURCE\yuMath.h(16,1): warning C4005: 'XM_CONSTEXPR': 매크로 재정의
C:\Program Files (x86)\Windows Kits\10\Include\10.0.19041.0\um\DirectXMath.h(37): message : 'XM_CONSTEXPR'의 이전 정의를 참조하십시오.
  yuCollider3D.cpp
  yuCollider2D.cpp
C:\Users\yubin\Desktop\Hotline miami\44Engine\Engine_SOURCE\yuMath.h(16,1): warning C4005: 'XM_CONSTEXPR': 매크로 재정의
C:\Program Files (x86)\Windows Kits\10\Include\10.0.19041.0\um\DirectXMath.h(37): message : 'XM_CONSTEXPR'의 이전 정의를 참조하십시오.
  yuCollisionManager.cpp
C:\Users\yubin\Desktop\Hotline miami\44Engine\Engine_SOURCE\yuMath.h(16,1): warning C4005: 'XM_CONSTEXPR': 매크로 재정의
C:\Program Files (x86)\Windows Kits\10\Include\10.0.19041.0\um\DirectXMath.h(37): message : 'XM_CONSTEXPR'의 이전 정의를 참조하십시오.
  yuApplication.cpp
C:\Users\yubin\Desktop\Hotline miami\44Engine\Engine_SOURCE\yuMath.h(16,1): warning C4005: 'XM_CONSTEXPR': 매크로 재정의
C:\Program Files (x86)\Windows Kits\10\Include\10.0.19041.0\um\DirectXMath.h(37): message : 'XM_CONSTEXPR'의 이전 정의를 참조하십시오.
  yuBaseRenderer.cpp
C:\Users\yubin\Desktop\Hotline miami\44Engine\Engine_SOURCE\yuMath.h(16,1): warning C4005: 'XM_CONSTEXPR': 매크로 재정의
C:\Program Files (x86)\Windows Kits\10\Include\10.0.19041.0\um\DirectXMath.h(37): message : 'XM_CONSTEXPR'의 이전 정의를 참조하십시오.
  yuCamera.cpp
C:\Users\yubin\Desktop\Hotline miami\44Engine\Engine_SOURCE\yuMath.h(16,1): warning C4005: 'XM_CONSTEXPR': 매크로 재정의
C:\Program Files (x86)\Windows Kits\10\Include\10.0.19041.0\um\DirectXMath.h(37): message : 'XM_CONSTEXPR'의 이전 정의를 참조하십시오.
  yuCameraScript.cpp
C:\Users\yubin\Desktop\Hotline miami\44Engine\Engine_SOURCE\yuMath.h(16,1): warning C4005: 'XM_CONSTEXPR': 매크로 재정의
C:\Program Files (x86)\Windows Kits\10\Include\10.0.19041.0\um\DirectXMath.h(37): message : 'XM_CONSTEXPR'의 이전 정의를 참조하십시오.
  yuCollider.cpp
  yuComponent.cpp
C:\Users\yubin\Desktop\Hotline miami\44Engine\Engine_SOURCE\yuMath.h(16,1): warning C4005: 'XM_CONSTEXPR': 매크로 재정의
C:\Program Files (x86)\Windows Kits\10\Include\10.0.19041.0\um\DirectXMath.h(37): message : 'XM_CONSTEXPR'의 이전 정의를 참조하십시오.
  yuConstantBuffer.cpp
C:\Users\yubin\Desktop\Hotline miami\44Engine\Engine_SOURCE\yuMath.h(16,1): warning C4005: 'XM_CONSTEXPR': 매크로 재정의
C:\Program Files (x86)\Windows Kits\10\Include\10.0.19041.0\um\DirectXMath.h(37): message : 'XM_CONSTEXPR'의 이전 정의를 참조하십시오.
C:\Users\yubin\Desktop\Hotline miami\44Engine\Engine_SOURCE\yuConstantBuffer.cpp(20,24): warning C4267: '=': 'size_t'에서 'UINT'(으)로 변환하면서 데이터가 손실될 수 있습니다.
  yuEntity.cpp
C:\Users\yubin\Desktop\Hotline miami\44Engine\Engine_SOURCE\yuEntity.cpp(6,38): warning C4311: 'reinterpret_cast': 'yu::Entity *'에서 'UINT32'(으)로 포인터가 잘립니다.
C:\Users\yubin\Desktop\Hotline miami\44Engine\Engine_SOURCE\yuEntity.cpp(6,38): warning C4302: 'reinterpret_cast': 'yu::Entity *'에서 'UINT32'(으)로 잘립니다.
C:\Users\yubin\Desktop\Hotline miami\44Engine\Engine_SOURCE\yuEntity.cpp(10,38): warning C4311: 'reinterpret_cast': 'yu::Entity *'에서 'UINT32'(으)로 포인터가 잘립니다.
C:\Users\yubin\Desktop\Hotline miami\44Engine\Engine_SOURCE\yuEntity.cpp(10,38): warning C4302: 'reinterpret_cast': 'yu::Entity *'에서 'UINT32'(으)로 잘립니다.
  yuGameObject.cpp
C:\Users\yubin\Desktop\Hotline miami\44Engine\Engine_SOURCE\yuMath.h(16,1): warning C4005: 'XM_CONSTEXPR': 매크로 재정의
C:\Program Files (x86)\Windows Kits\10\Include\10.0.19041.0\um\DirectXMath.h(37): message : 'XM_CONSTEXPR'의 이전 정의를 참조하십시오.
  yuGraphicDevice_DX11.cpp
C:\Users\yubin\Desktop\Hotline miami\44Engine\Engine_SOURCE\yuMath.h(16,1): warning C4005: 'XM_CONSTEXPR': 매크로 재정의
C:\Program Files (x86)\Windows Kits\10\Include\10.0.19041.0\um\DirectXMath.h(37): message : 'XM_CONSTEXPR'의 이전 정의를 참조하십시오.
  yuGridScript.cpp
C:\Users\yubin\Desktop\Hotline miami\44Engine\Engine_SOURCE\yuMath.h(16,1): warning C4005: 'XM_CONSTEXPR': 매크로 재정의
C:\Program Files (x86)\Windows Kits\10\Include\10.0.19041.0\um\DirectXMath.h(37): message : 'XM_CONSTEXPR'의 이전 정의를 참조하십시오.
C:\Users\yubin\Desktop\Hotline miami\44Engine\Engine_SOURCE\yuGridScript.cpp(53,15): warning C4244: '초기화 중': 'LONG'에서 'float'(으)로 변환하면서 데이터가 손실될 수 있습니다.
C:\Users\yubin\Desktop\Hotline miami\44Engine\Engine_SOURCE\yuGridScript.cpp(54,16): warning C4244: '초기화 중': 'LONG'에서 'float'(으)로 변환하면서 데이터가 손실될 수 있습니다.
  yuInput.cpp
C:\Users\yubin\Desktop\Hotline miami\44Engine\Engine_SOURCE\yuMath.h(16,1): warning C4005: 'XM_CONSTEXPR': 매크로 재정의
C:\Program Files (x86)\Windows Kits\10\Include\10.0.19041.0\um\DirectXMath.h(37): message : 'XM_CONSTEXPR'의 이전 정의를 참조하십시오.
C:\Users\yubin\Desktop\Hotline miami\44Engine\Engine_SOURCE\yuInput.cpp(80,30): warning C4244: '=': 'LONG'에서 'float'(으)로 변환하면서 데이터가 손실될 수 있습니다.
C:\Users\yubin\Desktop\Hotline miami\44Engine\Engine_SOURCE\yuInput.cpp(81,30): warning C4244: '=': 'LONG'에서 'float'(으)로 변환하면서 데이터가 손실될 수 있습니다.
  yuLayer.cpp
C:\Users\yubin\Desktop\Hotline miami\44Engine\Engine_SOURCE\yuMath.h(16,1): warning C4005: 'XM_CONSTEXPR': 매크로 재정의
C:\Program Files (x86)\Windows Kits\10\Include\10.0.19041.0\um\DirectXMath.h(37): message : 'XM_CONSTEXPR'의 이전 정의를 참조하십시오.
  yuMaterial.cpp
C:\Users\yubin\Desktop\Hotline miami\44Engine\Engine_SOURCE\yuMath.h(16,1): warning C4005: 'XM_CONSTEXPR': 매크로 재정의
C:\Program Files (x86)\Windows Kits\10\Include\10.0.19041.0\um\DirectXMath.h(37): message : 'XM_CONSTEXPR'의 이전 정의를 참조하십시오.
  yuMath.cpp
C:\Users\yubin\Desktop\Hotline miami\44Engine\Engine_SOURCE\yuMath.h(16,1): warning C4005: 'XM_CONSTEXPR': 매크로 재정의
C:\Program Files (x86)\Windows Kits\10\Include\10.0.19041.0\um\DirectXMath.h(37): message : 'XM_CONSTEXPR'의 이전 정의를 참조하십시오.
  코드를 생성하고 있습니다...
C:\Users\yubin\Desktop\Hotline miami\44Engine\Engine_SOURCE\yuAnimator.cpp(75): warning C4715: 'yu::Animator::Create': 모든 제어 경로에서 값을 반환하지는 않습니다.
  컴파일하고 있습니다...
  yuMesh.cpp
C:\Users\yubin\Desktop\Hotline miami\44Engine\Engine_SOURCE\yuMath.h(16,1): warning C4005: 'XM_CONSTEXPR': 매크로 재정의
C:\Program Files (x86)\Windows Kits\10\Include\10.0.19041.0\um\DirectXMath.h(37): message : 'XM_CONSTEXPR'의 이전 정의를 참조하십시오.
  yuMeshRenderer.cpp
C:\Users\yubin\Desktop\Hotline miami\44Engine\Engine_SOURCE\yuMath.h(16,1): warning C4005: 'XM_CONSTEXPR': 매크로 재정의
C:\Program Files (x86)\Windows Kits\10\Include\10.0.19041.0\um\DirectXMath.h(37): message : 'XM_CONSTEXPR'의 이전 정의를 참조하십시오.
  yuMonster.cpp
C:\Users\yubin\Desktop\Hotline miami\44Engine\Engine_SOURCE\yuMath.h(16,1): warning C4005: 'XM_CONSTEXPR': 매크로 재정의
C:\Program Files (x86)\Windows Kits\10\Include\10.0.19041.0\um\DirectXMath.h(37): message : 'XM_CONSTEXPR'의 이전 정의를 참조하십시오.
  yuPlayer.cpp
C:\Users\yubin\Desktop\Hotline miami\44Engine\Engine_SOURCE\yuMath.h(16,1): warning C4005: 'XM_CONSTEXPR': 매크로 재정의
C:\Program Files (x86)\Windows Kits\10\Include\10.0.19041.0\um\DirectXMath.h(37): message : 'XM_CONSTEXPR'의 이전 정의를 참조하십시오.
  yuPlayerScript.cpp
C:\Users\yubin\Desktop\Hotline miami\44Engine\Engine_SOURCE\yuMath.h(16,1): warning C4005: 'XM_CONSTEXPR': 매크로 재정의
C:\Program Files (x86)\Windows Kits\10\Include\10.0.19041.0\um\DirectXMath.h(37): message : 'XM_CONSTEXPR'의 이전 정의를 참조하십시오.
  yuPlayScene.cpp
C:\Users\yubin\Desktop\Hotline miami\44Engine\Engine_SOURCE\yuMath.h(16,1): warning C4005: 'XM_CONSTEXPR': 매크로 재정의
C:\Program Files (x86)\Windows Kits\10\Include\10.0.19041.0\um\DirectXMath.h(37): message : 'XM_CONSTEXPR'의 이전 정의를 참조하십시오.
  yuPrefab.cpp
  yuRenderer.cpp
C:\Users\yubin\Desktop\Hotline miami\44Engine\Engine_SOURCE\yuMath.h(16,1): warning C4005: 'XM_CONSTEXPR': 매크로 재정의
C:\Program Files (x86)\Windows Kits\10\Include\10.0.19041.0\um\DirectXMath.h(37): message : 'XM_CONSTEXPR'의 이전 정의를 참조하십시오.
C:\Users\yubin\Desktop\Hotline miami\44Engine\Engine_SOURCE\yuRenderer.cpp(51,57): warning C4267: '인수': 'size_t'에서 'UINT'(으)로 변환하면서 데이터가 손실될 수 있습니다.
C:\Users\yubin\Desktop\Hotline miami\44Engine\Engine_SOURCE\yuRenderer.cpp(58,56): warning C4305: '인수': 'double'에서 'float'(으)로 잘립니다.
C:\Users\yubin\Desktop\Hotline miami\44Engine\Engine_SOURCE\yuRenderer.cpp(62,57): warning C4305: '인수': 'double'에서 'float'(으)로 잘립니다.
C:\Users\yubin\Desktop\Hotline miami\44Engine\Engine_SOURCE\yuRenderer.cpp(66,58): warning C4305: '인수': 'double'에서 'float'(으)로 잘립니다.
C:\Users\yubin\Desktop\Hotline miami\44Engine\Engine_SOURCE\yuRenderer.cpp(74,62): warning C4267: '인수': 'size_t'에서 'UINT'(으)로 변환하면서 데이터가 손실될 수 있습니다.
C:\Users\yubin\Desktop\Hotline miami\44Engine\Engine_SOURCE\yuRenderer.cpp(106,27): warning C4267: '인수': 'size_t'에서 '_Ty'(으)로 변환하면서 데이터가 손실될 수 있습니다.
          with
          [
              _Ty=UINT
          ]
C:\Users\yubin\Desktop\Hotline miami\44Engine\Engine_SOURCE\yuRenderer.cpp(113,72): warning C4267: '인수': 'size_t'에서 'UINT'(으)로 변환하면서 데이터가 손실될 수 있습니다.
C:\Users\yubin\Desktop\Hotline miami\44Engine\Engine_SOURCE\yuRenderer.cpp(114,63): warning C4267: '인수': 'size_t'에서 'UINT'(으)로 변환하면서 데이터가 손실될 수 있습니다.
  yuResource.cpp
  yuResources.cpp
  yuScene.cpp
C:\Users\yubin\Desktop\Hotline miami\44Engine\Engine_SOURCE\yuMath.h(16,1): warning C4005: 'XM_CONSTEXPR': 매크로 재정의
C:\Program Files (x86)\Windows Kits\10\Include\10.0.19041.0\um\DirectXMath.h(37): message : 'XM_CONSTEXPR'의 이전 정의를 참조하십시오.
  yuSceneManager.cpp
C:\Users\yubin\Desktop\Hotline miami\44Engine\Engine_SOURCE\yuMath.h(16,1): warning C4005: 'XM_CONSTEXPR': 매크로 재정의
C:\Program Files (x86)\Windows Kits\10\Include\10.0.19041.0\um\DirectXMath.h(37): message : 'XM_CONSTEXPR'의 이전 정의를 참조하십시오.
  yuScript.cpp
C:\Users\yubin\Desktop\Hotline miami\44Engine\Engine_SOURCE\yuMath.h(16,1): warning C4005: 'XM_CONSTEXPR': 매크로 재정의
C:\Program Files (x86)\Windows Kits\10\Include\10.0.19041.0\um\DirectXMath.h(37): message : 'XM_CONSTEXPR'의 이전 정의를 참조하십시오.
  yuShader.cpp
C:\Users\yubin\Desktop\Hotline miami\44Engine\Engine_SOURCE\yuMath.h(16,1): warning C4005: 'XM_CONSTEXPR': 매크로 재정의
C:\Program Files (x86)\Windows Kits\10\Include\10.0.19041.0\um\DirectXMath.h(37): message : 'XM_CONSTEXPR'의 이전 정의를 참조하십시오.
  yuSpriteRenderer.cpp
C:\Users\yubin\Desktop\Hotline miami\44Engine\Engine_SOURCE\yuMath.h(16,1): warning C4005: 'XM_CONSTEXPR': 매크로 재정의
C:\Program Files (x86)\Windows Kits\10\Include\10.0.19041.0\um\DirectXMath.h(37): message : 'XM_CONSTEXPR'의 이전 정의를 참조하십시오.
  yuTexture.cpp
C:\Users\yubin\Desktop\Hotline miami\44Engine\Engine_SOURCE\yuMath.h(16,1): warning C4005: 'XM_CONSTEXPR': 매크로 재정의
C:\Program Files (x86)\Windows Kits\10\Include\10.0.19041.0\um\DirectXMath.h(37): message : 'XM_CONSTEXPR'의 이전 정의를 참조하십시오.
  yuTime.cpp
C:\Users\yubin\Desktop\Hotline miami\44Engine\Engine_SOURCE\yuMath.h(16,1): warning C4005: 'XM_CONSTEXPR': 매크로 재정의
C:\Program Files (x86)\Windows Kits\10\Include\10.0.19041.0\um\DirectXMath.h(37): message : 'XM_CONSTEXPR'의 이전 정의를 참조하십시오.
C:\Users\yubin\Desktop\Hotline miami\44Engine\Engine_SOURCE\yuTime.cpp(49,46): warning C4267: '초기화 중': 'size_t'에서 'int'(으)로 변환하면서 데이터가 손실될 수 있습니다.
  yuTitleScene.cpp
C:\Users\yubin\Desktop\Hotline miami\44Engine\Engine_SOURCE\yuMath.h(16,1): warning C4005: 'XM_CONSTEXPR': 매크로 재정의
C:\Program Files (x86)\Windows Kits\10\Include\10.0.19041.0\um\DirectXMath.h(37): message : 'XM_CONSTEXPR'의 이전 정의를 참조하십시오.
  yuTransform.cpp
C:\Users\yubin\Desktop\Hotline miami\44Engine\Engine_SOURCE\yuMath.h(16,1): warning C4005: 'XM_CONSTEXPR': 매크로 재정의
C:\Program Files (x86)\Windows Kits\10\Include\10.0.19041.0\um\DirectXMath.h(37): message : 'XM_CONSTEXPR'의 이전 정의를 참조하십시오.
  코드를 생성하고 있습니다...
  Engine_SOURCE.vcxproj -> C:\Users\yubin\Desktop\Hotline miami\44Engine\x64\Debug\Lib\Engine_SOURCE.lib
