  main.cpp
C:\Users\yubin\Desktop\Hotline miami\44Engine\Engine_SOURCE\yuMath.h(16,1): warning C4005: 'XM_CONSTEXPR': 매크로 재정의
C:\Program Files (x86)\Windows Kits\10\Include\10.0.19041.0\um\DirectXMath.h(37): message : 'XM_CONSTEXPR'의 이전 정의를 참조하십시오.
  yuDebugObject.cpp
C:\Users\yubin\Desktop\Hotline miami\44Engine\Engine_SOURCE\yuMath.h(16,1): warning C4005: 'XM_CONSTEXPR': 매크로 재정의
C:\Program Files (x86)\Windows Kits\10\Include\10.0.19041.0\um\DirectXMath.h(37): message : 'XM_CONSTEXPR'의 이전 정의를 참조하십시오.
  yuEditor.cpp
C:\Users\yubin\Desktop\Hotline miami\44Engine\Engine_SOURCE\yuMath.h(16,1): warning C4005: 'XM_CONSTEXPR': 매크로 재정의
C:\Program Files (x86)\Windows Kits\10\Include\10.0.19041.0\um\DirectXMath.h(37): message : 'XM_CONSTEXPR'의 이전 정의를 참조하십시오.
  yuEditorObject.cpp
C:\Users\yubin\Desktop\Hotline miami\44Engine\Engine_SOURCE\yuMath.h(16,1): warning C4005: 'XM_CONSTEXPR': 매크로 재정의
C:\Program Files (x86)\Windows Kits\10\Include\10.0.19041.0\um\DirectXMath.h(37): message : 'XM_CONSTEXPR'의 이전 정의를 참조하십시오.
  코드를 생성하고 있습니다...
DirectXTex.lib(DirectXTexImage.obj) : warning LNK4099: 'DirectXTex.pdb' PDB를 'DirectXTex.lib(DirectXTexImage.obj)' 또는 'C:\Users\yubin\Desktop\Hotline miami\44Engine\x64\Debug\DirectXTex.pdb'에서 찾을 수 없습니다. 디버그 정보가 없는 것처럼 개체를 링크합니다.
DirectXTex.lib(DirectXTexDDS.obj) : warning LNK4099: 'DirectXTex.pdb' PDB를 'DirectXTex.lib(DirectXTexDDS.obj)' 또는 'C:\Users\yubin\Desktop\Hotline miami\44Engine\x64\Debug\DirectXTex.pdb'에서 찾을 수 없습니다. 디버그 정보가 없는 것처럼 개체를 링크합니다.
DirectXTex.lib(DirectXTexTGA.obj) : warning LNK4099: 'DirectXTex.pdb' PDB를 'DirectXTex.lib(DirectXTexTGA.obj)' 또는 'C:\Users\yubin\Desktop\Hotline miami\44Engine\x64\Debug\DirectXTex.pdb'에서 찾을 수 없습니다. 디버그 정보가 없는 것처럼 개체를 링크합니다.
DirectXTex.lib(DirectXTexWIC.obj) : warning LNK4099: 'DirectXTex.pdb' PDB를 'DirectXTex.lib(DirectXTexWIC.obj)' 또는 'C:\Users\yubin\Desktop\Hotline miami\44Engine\x64\Debug\DirectXTex.pdb'에서 찾을 수 없습니다. 디버그 정보가 없는 것처럼 개체를 링크합니다.
DirectXTex.lib(DirectXTexD3D11.obj) : warning LNK4099: 'DirectXTex.pdb' PDB를 'DirectXTex.lib(DirectXTexD3D11.obj)' 또는 'C:\Users\yubin\Desktop\Hotline miami\44Engine\x64\Debug\DirectXTex.pdb'에서 찾을 수 없습니다. 디버그 정보가 없는 것처럼 개체를 링크합니다.
DirectXTex.lib(DirectXTexUtil.obj) : warning LNK4099: 'DirectXTex.pdb' PDB를 'DirectXTex.lib(DirectXTexUtil.obj)' 또는 'C:\Users\yubin\Desktop\Hotline miami\44Engine\x64\Debug\DirectXTex.pdb'에서 찾을 수 없습니다. 디버그 정보가 없는 것처럼 개체를 링크합니다.
DirectXTex.lib(DirectXTexConvert.obj) : warning LNK4099: 'DirectXTex.pdb' PDB를 'DirectXTex.lib(DirectXTexConvert.obj)' 또는 'C:\Users\yubin\Desktop\Hotline miami\44Engine\x64\Debug\DirectXTex.pdb'에서 찾을 수 없습니다. 디버그 정보가 없는 것처럼 개체를 링크합니다.
DirectXTex.lib(DirectXTexCompress.obj) : warning LNK4099: 'DirectXTex.pdb' PDB를 'DirectXTex.lib(DirectXTexCompress.obj)' 또는 'C:\Users\yubin\Desktop\Hotline miami\44Engine\x64\Debug\DirectXTex.pdb'에서 찾을 수 없습니다. 디버그 정보가 없는 것처럼 개체를 링크합니다.
DirectXTex.lib(DirectXTexMipMaps.obj) : warning LNK4099: 'DirectXTex.pdb' PDB를 'DirectXTex.lib(DirectXTexMipMaps.obj)' 또는 'C:\Users\yubin\Desktop\Hotline miami\44Engine\x64\Debug\DirectXTex.pdb'에서 찾을 수 없습니다. 디버그 정보가 없는 것처럼 개체를 링크합니다.
DirectXTex.lib(BC.obj) : warning LNK4099: 'DirectXTex.pdb' PDB를 'DirectXTex.lib(BC.obj)' 또는 'C:\Users\yubin\Desktop\Hotline miami\44Engine\x64\Debug\DirectXTex.pdb'에서 찾을 수 없습니다. 디버그 정보가 없는 것처럼 개체를 링크합니다.
DirectXTex.lib(BC4BC5.obj) : warning LNK4099: 'DirectXTex.pdb' PDB를 'DirectXTex.lib(BC4BC5.obj)' 또는 'C:\Users\yubin\Desktop\Hotline miami\44Engine\x64\Debug\DirectXTex.pdb'에서 찾을 수 없습니다. 디버그 정보가 없는 것처럼 개체를 링크합니다.
DirectXTex.lib(BC6HBC7.obj) : warning LNK4099: 'DirectXTex.pdb' PDB를 'DirectXTex.lib(BC6HBC7.obj)' 또는 'C:\Users\yubin\Desktop\Hotline miami\44Engine\x64\Debug\DirectXTex.pdb'에서 찾을 수 없습니다. 디버그 정보가 없는 것처럼 개체를 링크합니다.
  44Engine.vcxproj -> C:\Users\yubin\Desktop\Hotline miami\44Engine\x64\Debug\Client.exe
